<?xml version="1.0" encoding="UTF-8"?>
<!-- Generated by org.testng.reporters.JUnitReportReporter -->
<testsuite hostname="DESKTOP-O29LLRP" failures="0" tests="1" name="SampleProject.MavenProject.browserlaunch" time="5.070" errors="0" timestamp="2023-10-26T13:25:09 IST" skipped="0">
  <testcase classname="SampleProject.MavenProject.browserlaunch" name="browserla" time="5.070"/>
</testsuite> <!-- SampleProject.MavenProject.browserlaunch -->
